1634179268175	geckodriver	INFO	Listening on 127.0.0.1:18621
1634179271187	mozrunner::runner	INFO	Running command: "C:\\Program Files\\Mozilla Firefox\\firefox.exe" "--marionette" "-no-remote" "-profile" "C:\\Users\\cutie\\AppData\\Local\\Temp\\rust_mozprofilePisLTv"
1634179271532	Marionette	INFO	Marionette enabled
console.warn: SearchSettings: "get: No settings file exists, new profile?" (new NotFoundError("Could not open the file at C:\\Users\\cutie\\AppData\\Local\\Temp\\rust_mozprofilePisLTv\\search.json.mozlz4", (void 0)))
1634179273789	Marionette	INFO	Listening on port 18630
1634179273856	RemoteAgent	WARN	TLS certificate errors will be ignored for this session
JavaScript error: resource://gre/modules/XULStore.jsm, line 66: Error: Can't find profile directory.
JavaScript error: resource://gre/modules/XULStore.jsm, line 66: Error: Can't find profile directory.
1634179318127	Marionette	INFO	Stopped listening on port 18630
JavaScript error: resource:///modules/Interactions.jsm, line 209: NS_ERROR_FAILURE: Component returned failure code: 0x80004005 (NS_ERROR_FAILURE) [nsIUserIdleService.removeIdleObserver]

###!!! [Parent][RunMessage] Error: Channel closing: too late to send/recv, messages will be lost

No settings file exists, new profile?" (new NotFoundError("Could not open the file at C:\\Users\\cutie\\AppData\\Local\\Temp\\rust_mozprofileWsv56K\\search.json.mozlz4", (void 0)))
1634179313433	Marionette	INFO	Listening on port 18704
1634179313882	RemoteAgent	WARN	TLS certificate errors will be ignored for this session
JavaScript error: resource://gre/modules/XULStore.jsm, line 66: Error: Can't find profile directory.
JavaScript error: resource://gre/modules/XULStore.jsm, line 66: Error: Can't find profile directory.
1634179317343	Marionette	INFO	Stopped listening on port 18704
JavaScript error: resource://devtools/client/jsonview/Sniffer.jsm, line 56: NS_ERROR_NOT_AVAILABLE: Component returned failure code: 0x80040111 (NS_ERROR_NOT_AVAILABLE) [nsIChannel.contentType]
JavaScript error: resource:///modules/Interactions.jsm, line 209: NS_ERROR_FAILURE: Component returned failure code: 0x80004005 (NS_ERROR_FAILURE) [nsIUserIdleService.removeIdleObserver]
JavaScript error: chrome://remote/content/marionette/cert.js, line 55: NS_ERROR_NOT_AVAILABLE: Component returned failure code: 0x80040111 (NS_ERROR_NOT_AVAILABLE) [nsICertOverrideService.setDisableAllSecurityChecksAndLetAttackersInterceptMyData]

###!!! [Parent][RunMessage] Error: Channel closing: too late to send/recv, messages will be lost

1634179325734	geckodriver	INFO	Listening on 127.0.0.1:18763
1634179328756	mozrunner::runner	INFO	Running command: "C:\\Program Files\\Mozilla Firefox\\firefox.exe" "--marionette" "-no-remote" "-profile" "C:\\Users\\cutie\\AppData\\Local\\Temp\\rust_mozprofileaqpTLn"
1634179329012	Marionette	INFO	Marionette enabled
console.warn: SearchSettings: "get: No settings file exists, new profile?" (new NotFoundError("Could not open the file at C:\\Users\\cutie\\AppData\\Local\\Temp\\rust_mozprofileaqpTLn\\search.json.mozlz4", (void 0)))
1634179330999	Marionette	INFO	Listening on port 18774
1634179331414	RemoteAgent	WARN	TLS certificate errors will be ignored for this session
JavaScript error: resource://gre/modules/XULStore.jsm, line 66: Error: Can't find profile directory.
JavaScript error: resource://gre/modules/XULStore.jsm, line 66: Error: Can't find profile directory.
1634179342499	Marionette	INFO	Stopped listening on port 18774
JavaScript error: resource:///modules/Interactions.jsm, line 209: NS_ERROR_FAILURE: Component returned failure code: 0x80004005 (NS_ERROR_FAILURE) [nsIUserIdleService.removeIdleObserver]

###!!! [Parent][RunMessage] Error: Channel closing: too late to send/recv, messages will be lost

No settings file exists, new profile?" (new NotFoundError("Could not open the file at C:\\Users\\cutie\\AppData\\Local\\Temp\\rust_mozprofileQJV7QP\\search.json.mozlz4", (void 0)))
1634179339923	Marionette	INFO	Listening on port 18846
1634179340334	RemoteAgent	WARN	TLS certificate errors will be ignored for this session
1634179341130	Marionette	INFO	Stopped listening on port 18846
JavaScript error: resource:///modules/Interactions.jsm, line 209: NS_ERROR_FAILURE: Component returned failure code: 0x80004005 (NS_ERROR_FAILURE) [nsIUserIdleService.removeIdleObserver]
JavaScript error: chrome://remote/content/marionette/cert.js, line 55: NS_ERROR_NOT_AVAILABLE: Component returned failure code: 0x80040111 (NS_ERROR_NOT_AVAILABLE) [nsICertOverrideService.setDisableAllSecurityChecksAndLetAttackersInterceptMyData]

###!!! [Parent][RunMessage] Error: Channel closing: too late to send/recv, messages will be lost

1634179813509	geckodriver	INFO	Listening on 127.0.0.1:1265
1634179816541	mozrunner::runner	INFO	Running command: "C:\\Program Files\\Mozilla Firefox\\firefox.exe" "--marionette" "-no-remote" "-profile" "C:\\Users\\cutie\\AppData\\Local\\Temp\\rust_mozprofilecyNGg2"
1634179816862	Marionette	INFO	Marionette enabled
console.warn: SearchSettings: "get: No settings file exists, new profile?" (new NotFoundError("Could not open the file at C:\\Users\\cutie\\AppData\\Local\\Temp\\rust_mozprofilecyNGg2\\search.json.mozlz4", (void 0)))
1634179818904	Marionette	INFO	Listening on port 1277
1634179819219	RemoteAgent	WARN	TLS certificate errors will be ignored for this session
JavaScript error: resource://gre/modules/XULStore.jsm, line 66: Error: Can't find profile directory.
JavaScript error: resource://gre/modules/XULStore.jsm, line 66: Error: Can't find profile directory.
JavaScript error: , line 0: uncaught exception: undefined
JavaScript warning: https://www.mrchecker.net/cdn-cgi/challenge-platform/h/b/scripts/invisible.js, line 1: unreachable code after return statement
JavaScript warning: https://www.mrchecker.net/cdn-cgi/challenge-platform/h/b/scripts/invisible.js, line 1: unreachable code after return statement
1634179930272	Marionette	INFO	Stopped listening on port 1277
JavaScript error: resource:///modules/Interactions.jsm, line 209: NS_ERROR_FAILURE: Component returned failure code: 0x80004005 (NS_ERROR_FAILURE) [nsIUserIdleService.removeIdleObserver]
JavaScript error: chrome://remote/content/marionette/cert.js, line 55: NS_ERROR_NOT_AVAILABLE: Component returned failure code: 0x80040111 (NS_ERROR_NOT_AVAILABLE) [nsICertOverrideService.setDisableAllSecurityChecksAndLetAttackersInterceptMyData]
1634179938316	geckodriver	INFO	Listening on 127.0.0.1:1394
1634179941329	mozrunner::runner	INFO	Running command: "C:\\Program Files\\Mozilla Firefox\\firefox.exe" "--marionette" "-no-remote" "-profile" "C:\\Users\\cutie\\AppData\\Local\\Temp\\rust_mozprofile1cdhy7"
1634179941595	Marionette	INFO	Marionette enabled
console.warn: SearchSettings: "get: No settings file exists, new profile?" (new NotFoundError("Could not open the file at C:\\Users\\cutie\\AppData\\Local\\Temp\\rust_mozprofile1cdhy7\\search.json.mozlz4", (void 0)))
1634179943596	Marionette	INFO	Listening on port 1403
1634179943990	RemoteAgent	WARN	TLS certificate errors will be ignored for this session
JavaScript error: resource://gre/modules/XULStore.jsm, line 66: Error: Can't find profile directory.
JavaScript error: resource://gre/modules/XULStore.jsm, line 66: Error: Can't find profile directory.
JavaScript error: , line 0: uncaught exception: undefined
1634180297066	Marionette	INFO	Stopped listening on port 1403
JavaScript error: resource:///modules/Interactions.jsm, line 209: NS_ERROR_FAILURE: Component returned failure code: 0x80004005 (NS_ERROR_FAILURE) [nsIUserIdleService.removeIdleObserver]
JavaScript error: chrome://remote/content/marionette/cert.js, line 55: NS_ERROR_NOT_AVAILABLE: Component returned failure code: 0x80040111 (NS_ERROR_NOT_AVAILABLE) [nsICertOverrideService.setDisableAllSecurityChecksAndLetAttackersInterceptMyData]

###!!! [Parent][RunMessage] Error: Channel closing: too late to send/recv, messages will be lost

1634180408717	geckodriver	INFO	Listening on 127.0.0.1:14910
1634180411732	mozrunner::runner	INFO	Running command: "C:\\Program Files\\Mozilla Firefox\\firefox.exe" "--marionette" "-no-remote" "-profile" "C:\\Users\\cutie\\AppData\\Local\\Temp\\rust_mozprofileFRiGpk"
1634180412001	Marionette	INFO	Marionette enabled
console.warn: SearchSettings: "get: No settings file exists, new profile?" (new NotFoundError("Could not open the file at C:\\Users\\cutie\\AppData\\Local\\Temp\\rust_mozprofileFRiGpk\\search.json.mozlz4", (void 0)))
1634180413965	Marionette	INFO	Listening on port 14918
1634180414400	RemoteAgent	WARN	TLS certificate errors will be ignored for this session
JavaScript error: resource://gre/modules/XULStore.jsm, line 66: Error: Can't find profile directory.
JavaScript error: resource://gre/modules/XULStore.jsm, line 66: Error: Can't find profile directory.
JavaScript error: , line 0: uncaught exception: undefined
JavaScript warning: https://www.mrchecker.net/cdn-cgi/challenge-platform/h/b/scripts/invisible.js, line 1: unreachable code after return statement
JavaScript warning: https://www.mrchecker.net/cdn-cgi/challenge-platform/h/b/scripts/invisible.js, line 1: unreachable code after return statement
1634180613183	Marionette	INFO	Stopped listening on port 14918
JavaScript error: resource:///modules/Interactions.jsm, line 209: NS_ERROR_FAILURE: Component returned failure code: 0x80004005 (NS_ERROR_FAILURE) [nsIUserIdleService.removeIdleObserver]
JavaScript error: chrome://remote/content/marionette/cert.js, line 55: NS_ERROR_NOT_AVAILABLE: Component returned failure code: 0x80040111 (NS_ERROR_NOT_AVAILABLE) [nsICertOverrideService.setDisableAllSecurityChecksAndLetAttackersInterceptMyData]
1634180621285	geckodriver	INFO	Listening on 127.0.0.1:29667
1634180624292	mozrunner::runner	INFO	Running command: "C:\\Program Files\\Mozilla Firefox\\firefox.exe" "--marionette" "-no-remote" "-profile" "C:\\Users\\cutie\\AppData\\Local\\Temp\\rust_mozprofile0ipBeF"
1634180624567	Marionette	INFO	Marionette enabled
console.warn: SearchSettings: "get: No settings file exists, new profile?" (new NotFoundError("Could not open the file at C:\\Users\\cutie\\AppData\\Local\\Temp\\rust_mozprofile0ipBeF\\search.json.mozlz4", (void 0)))
1634180626447	Marionette	INFO	Listening on port 29676
1634180626464	RemoteAgent	WARN	TLS certificate errors will be ignored for this session
JavaScript error: resource://gre/modules/XULStore.jsm, line 66: Error: Can't find profile directory.
JavaScript error: resource://gre/modules/XULStore.jsm, line 66: Error: Can't find profile directory.
JavaScript error: , line 0: uncaught exception: undefined
1634180797572	Marionette	INFO	Stopped listening on port 29671634180797743	mozrunner::runner	INFO	Running command: "C:\\Program Files\\Mozilla Firefox\\firefox.exe" "--marionette" "-no-remote" "-profile" "C:\\Users\\cutie\\AppData\\Local\\Temp\\rust_mozprofile6frKvt"
1634180798015	Marionette	INFO	Marionette enabled
console.warn: SearchSettings: "get: No settings file exists, new profile?" (new NotFoundError("Could not open the file at C:\\Users\\cutie\\AppData\\Local\\Temp\\rust_mozprofile6frKvt\\search.json.mozlz4", (void 0)))
1634180799857	Marionette	INFO	Listening on port 29802
1634180799905	RemoteAgent	WARN	TLS certificate errors will be ignored for this session
JavaScript error: resource://gre/modules/XULStore.jsm, line 66: Error: Can't find profile directory.
JavaScript error: resource://gre/modules/XULStore.jsm, line 66: Error: Can't find profile directory.
JavaScript error: , line 0: uncaught exception: undefined
console.log: WebExtensions: reset-default-search: starting.
console.log: WebExtensions: reset-default-search: No addons in our list are installed.
JavaScript error: https://code.jquery.com/jquery-1.12.0.min.js, line 4: SyntaxError: JSON.parse: unexpected end of data at line 1 column 1 of the JSON data
JavaScript error: https://code.jquery.com/jquery-1.12.0.min.js, line 4: SyntaxError: JSON.parse: unexpected end of data at line 1 column 1 of the JSON data
1634183211013	Marionette	INFO	Stopped listening on port 29802
JavaScript error: resource:///modules/Interactions.jsm, line 209: NS_ERROR_FAILURE: Component returned failure code: 0x80004005 (NS_ERROR_FAILURE) [nsIUserIdleService.removeIdleObserver]

###!!! [Parent][RunMessage] Error: Channel closing: too late to send/recv, messages will be lost

1634183237348	geckodriver	INFO	Listening on 127.0.0.1:17524
1634183240366	mozrunner::runner	INFO	Running command: "C:\\Program Files\\Mozilla Firefox\\firefox.exe" "--marionette" "-no-remote" "-profile" "C:\\Users\\cutie\\AppData\\Local\\Temp\\rust_mozprofilejrKpaQ"
1634183240702	Marionette	INFO	Marionette enabled
console.warn: SearchSettings: "get: No settings file exists, new profile?" (new NotFoundError("Could not open the file at C:\\Users\\cutie\\AppData\\Local\\Temp\\rust_mozprofilejrKpaQ\\search.json.mozlz4", (void 0)))
1634183242982	Marionette	INFO	Listening on port 17533
1634183243017	RemoteAgent	WARN	TLS certificate errors will be ignored for this session
JavaScript error: resource://gre/modules/XULStore.jsm, line 66: Error: Can't find profile directory.
JavaScript error: resource://gre/modules/XULStore.jsm, line 66: Error: Can't find profile directory.
1634183246014	Marionette	WARN	TimedPromise timed out after 500 ms: stacktrace:
TimedPromise/<@chrome://remote/content/marionette/sync.js:238:19
TimedPromise@chrome://remote/content/marionette/sync.js:223:10
interaction.flushEventLoop@chrome://remote/content/marionette/interaction.js:431:10
webdriverClickElement@chrome://remote/content/marionette/interaction.js:179:31
JavaScript error: , line 0: uncaught exception: undefined
JavaScript error: https://www.mrchecker.net/ccn3/js/jquery.min.js, line 2: Error: Syntax error, unrecognized expression: /ccn3/#pricing
JavaScript error: resource://devtools/server/actors/network-monitor/network-event-actor.js, line 109: Error: Got a request https://fonts.googleapis.com/css?family=Open+Sans:400,700|Prata without a browsingContextID set
1634183599754	Marionette	INFO	Stopped listening on port 17533
JavaScript error: resource:///modules/Interactions.jsm, line 209: NS_ERROR_FAILURE: Component returned failure code: 0x80004005 (NS_ERROR_FAILURE) [nsIUserIdleService.removeIdleObserver]

###!!! [Parent][RunMessage] Error: Channel closing: too late to console.warn: SearchSettings: "get: No settings file exists, new profile?" (new NotFoundError("Could not open the file at C:\\Users\\cutie\\AppData\\Local\\Temp\\rust_mozprofileGxbFet\\search.json.mozlz4", (void 0)))
1634183600574	Marionette	INFO	Listening on port 20346
1634183600946	RemoteAgent	WARN	TLS certificate errors will be ignored for this session
JavaScript error: resource://gre/modules/XULStore.jsm, line 66: Error: Can't find profile directory.
JavaScript error: resource://gre/modules/XULStore.jsm, line 66: Error: Can't find profile directory.
JavaScript error: , line 0: uncaught exception: undefined
JavaScript error: resource://devtools/server/actors/network-monitor/network-event-actor.js, line 109: Error: Got a request https://fonts.googleapis.com/css?family=Open+Sans:400,700|Prata without a browsingContextID set
1634183847105	Marionette	INFO	Stopped listening on port 20346
JavaScript error: resource:///modules/Interactions.jsm, line 209: NS_ERROR_FAILURE: Component returned failure code: 0x80004005 (NS_ERROR_FAILURE) [nsIUserIdleService.removeIdleObserver]
JavaScript error: chrome://remote/content/marionette/cert.js, line 55: NS_ERROR_NOT_AVAILABLE: Component returned failure code: 0x80040111 (NS_ERROR_NOT_AVAILABLE) [nsICertOverrideService.setDisableAllSecurityChecksAndLetAttackersInterceptMyData]

###!!! [Parent][RunMessage] Error: Channel closing: too late to send/recv, messages will be lost

1634183868063	geckodriver	INFO	Listening on 127.0.0.1:20542
1634183871098	mozrunner::runner	INFO	Running command: "C:\\Program Files\\Mozilla Firefox\\firefox.exe" "--marionette" "-no-remote" "-profile" "C:\\Users\\cutie\\AppData\\Local\\Temp\\rust_mozprofileXwRpgu"
1634183871394	Marionette	INFO	Marionette enabled
console.warn: SearchSettings: "get: No settings file exists, new profile?" (new NotFoundError("Could not open the file at C:\\Users\\cutie\\AppData\\Local\\Temp\\rust_mozprofileXwRpgu\\search.json.mozlz4", (void 0)))
1634183873660	Marionette	INFO	Listening on port 20550
1634183873751	RemoteAgent	WARN	TLS certificate errors will be ignored for this session
JavaScript error: resource://gre/modules/XULStore.jsm, line 66: Error: Can't find profile directory.
JavaScript error: resource://gre/modules/XULStore.jsm, line 66: Error: Can't find profile directory.
1634183876400	Marionette	WARN	TimedPromise timed out after 500 ms: stacktrace:
TimedPromise/<@chrome://remote/content/marionette/sync.js:238:19
TimedPromise@chrome://remote/content/marionette/sync.js:223:10
interaction.flushEventLoop@chrome://remote/content/marionette/interaction.js:431:10
webdriverClickElement@chrome://remote/content/marionette/interaction.js:179:31
JavaScript error: , line 0: uncaught exception: undefined
1634184002755	Marionette	INFO	Stopped listening on port 20550
JavaScript error: resource:///modules/Interactions.jsm, line 209: NS_ERROR_FAILURE: Component returned failure code: 0x80004005 (NS_ERROR_FAILURE) [nsIUserIdleService.removeIdleObserver]
JavaScript error: chrome://remote/content/marionette/cert.js, line 55: NS_ERROR_NOT_AVAILABLE: Component returned failure code: 0x80040111 (NS_ERROR_NOT_AVAILABLE) [nsICertOverrideService.setDisableAllSecurityChecksAndLetAttackersInterceptMyData]

###!!! [Parent][RunMessage] Error: Channel closing: too late to send/recv, messages will be lost

1634184051055	geckodriver	INFO	Listening on 127.0.0.1:20689
1634184054086	mozrunner::runner	INFO	Running command: "C:\\Program Files\\Mozilla Firefox\\firefox.exe" "--marionette" "-no-remote" "-profile" "C:\\Users\\cutie\\AppData\\Local\\Temp\\rust_mozprofileVi0FNP"
1634184054377	Marionette	INFO	Marionette enabled
console.warn: SearchSettings: "get: No settings file exists, new profile?" (new NotFoundError("Could not open the file at C:\\Users\\cutie\\AppData\\Local\\Temp\\rust_mozprofileVi0FNP\\search.json.mozlz4", (void 0)))
1634184056352	Marionette	INFO	Listening on port 20697
1634184056749	RemoteAgent	WARN	TLS certificate errors will be ignored for this session
JavaScript error: resource://gre/modules/XULStore.jsm, line 66: Error: Can't find profile directory.
JavaScript error: resource://gre/modules/XULStore.jsm, line 66: Error: Can't find profile directory.
JavaScript error: , line 0: uncaught exception: undefined
1634184172956	Marionette	INFO	Stopped listening on port 20691634184173789	mozrunner::runner	INFO	Running command: "C:\\Program Files\\Mozilla Firefox\\firefox.exe" "--marionette" "-no-remote" "-profile" "C:\\Users\\cutie\\AppData\\Local\\Temp\\rust_mozprofile3MVRRX"
1634184174052	Marionette	INFO	Marionette enabled
console.warn: SearchSettings: "get: No settings file exists, new profile?" (new NotFoundError("Could not open the file at C:\\Users\\cutie\\AppData\\Local\\Temp\\rust_mozprofile3MVRRX\\search.json.mozlz4", (void 0)))
1634184175996	Marionette	INFO	Listening on port 20814
1634184176444	RemoteAgent	WARN	TLS certificate errors will be ignored for this session
JavaScript error: resource://gre/modules/XULStore.jsm, line 66: Error: Can't find profile directory.
JavaScript error: resource://gre/modules/XULStore.jsm, line 66: Error: Can't find profile directory.
JavaScript error: , line 0: uncaught exception: undefined
1634184328458	Marionette	INFO	Stopped listening on port 20814
JavaScript error: resource:///modules/Interactions.jsm, line 209: NS_ERROR_FAILURE: Component returned failure code: 0x80004005 (NS_ERROR_FAILURE) [nsIUserIdleService.removeIdleObserver]
JavaScript error: chrome://remote/content/marionette/cert.js, line 55: NS_ERROR_NOT_AVAILABLE: Component returned failure code: 0x80040111 (NS_ERROR_NOT_AVAILABLE) [nsICertOverrideService.setDisableAllSecurityChecksAndLetAttackersInterceptMyData]

###!!! [Parent][RunMessage] Error: Channel closing: too late to send/recv, messages will be lost

1634184337174	geckodriver	INFO	Listening on 127.0.0.1:28530
1634184340217	mozrunner::runner	INFO	Running command: "C:\\Program Files\\Mozilla Firefox\\firefox.exe" "--marionette" "-no-remote" "-profile" "C:\\Users\\cutie\\AppData\\Local\\Temp\\rust_mozprofilemNS7fZ"
1634184340565	Marionette	INFO	Marionette enabled
console.warn: SearchSettings: "get: No settings file exists, new profile?" (new NotFoundError("Could not open the file at C:\\Users\\cutie\\AppData\\Local\\Temp\\rust_mozprofilemNS7fZ\\search.json.mozlz4", (void 0)))
1634184342738	Marionette	INFO	Listening on port 28538
1634184342870	RemoteAgent	WARN	TLS certificate errors will be ignored for this session
JavaScript error: resource://gre/modules/XULStore.jsm, line 66: Error: Can't find profile directory.
JavaScript error: resource://gre/modules/XULStore.jsm, line 66: Error: Can't find profile directory.
JavaScript error: , line 0: uncaught exception: undefined
1634184573681	Marionette	INFO	Stopped listening on port 28538
JavaScript error: resource:///modules/Interactions.jsm, line 209: NS_ERROR_FAILURE: Component returned failure code: 0x80004005 (NS_ERROR_FAILURE) [nsIUserIdleService.removeIdleObserver]
JavaScript error: chrome://remote/content/marionette/cert.js, line 55: NS_ERROR_NOT_AVAILABLE: Component returned failure code: 0x80040111 (NS_ERROR_NOT_AVAILABLE) [nsICertOverrideService.setDisableAllSecurityChecksAndLetAttackersInterceptMyData]

###!!! [Parent][RunMessage] Error: Channel closing: too late to send/recv, messages will be lost

1634184743687	geckodriver	INFO	Listening on 127.0.0.1:14390
1634184746708	mozrunner::runner	INFO	Running command: "C:\\Program Files\\Mozilla Firefox\\firefox.exe" "--marionette" "-no-remote" "-profile" "C:\\Users\\cutie\\AppData\\Local\\Temp\\rust_mozprofileuMwwd3"
1634184747006	Marionette	INFO	Marionette enabled
console.warn: SearchSettings: "get: No settings file exists, new profile?" (new NotFoundError("Could not open the file at C:\\Users\\cutie\\AppData\\Local\\Temp\\rust_mozprofileuMwwd3\\search.json.mozlz4", (void 0)))
1634184749121	Marionette	INFO	Listening on port 14398

###!!! [Child][MessageChannel] Error: (msgtype=0x390143,name=PContent::Msg_AsyncMessage) Channel closing: too late to send/recv, messages will be lost

1634184749369	RemoteAgent	WARN	TLS certificate errors will be ignored for this session
JavaScript error: resource://gre/modules/XULStore.jsm, line 66: Error: Can't find profile directory.
JavaScript error: resource://gre/modules/XULStore.jsm, line 66: Error: Can't find profile directory.
1634184752088	Marionette	WARN	TimedPromise timed out after 500 ms: stacktrace:
TimedPromise/<@chrome://remote/content/marionette/sync.js:238:19
TimedPromise@chrome://remote/content/marionette/sync.js:223:10
interaction.flushEventLoop@chrome://remote/content/marionette/interaction.js:431:10
webdriverClickElement@chrome://remote/content/marionette/interaction.js:179:31
JavaScript error: , line 0: uncaught exception: undefined
1634184961607	Marionette	INFO	Stopped listening on port 14398
JavaScript error: resource:///modules/Interactions.jsm, line 209: NS_ERROR_FAILURE: Component returned failure code: 0x80004005 (NS_ERROR_FAILURE) [nsIUserIdleService.removeIdleObserver]

###!!! [Parent][RunMessage] Error: Channel closing: too late to send/recv, messages will be lost

1634184978146	geckodriver	INFO	Listening on 127.0.0.1:1148
1634184981181	mozrunner::runner	INFO	Running command: "C:\\Program Files\\Mozilla Firefox\\firefox.exe" "--marionette" "-no-remote" "-profile" "C:\\Users\\cutie\\AppData\\Local\\Temp\\rust_mozprofileFocnDD"
1634184981440	Marionette	INFO	Marionette enabled
console.warn: SearchSettings: "get: No settings file exists, new profile?" (new NotFoundError("Could not open the file at C:\\Users\\cutie\\AppData\\Local\\Temp\\rust_mozprofileFocnDD\\search.json.mozlz4", (void 0)))
1634184983584	Marionette	INFO	Listening on port 1167
1634184983849	RemoteAgent	WARN	TLS certificate errors will be ignored for this session
JavaScript error: resource://gre/modules/XULStore.jsm, line 66: Error: Can't find profile directory.
JavaScript error: resource://gre/modules/XULStore.jsm, line 66: Error: Can't find profile directory.
1634184986633	Marionette	WARN	TimedPromise timed out after 500 ms: stacktrace:
TimedPromise/<@chrome://remote/content/marionette/sync.js:238:19
TimedPromise@chrome://remote/content/marionette/sync.js:223:10
interaction.flushEventLoop@chrome://remote/content/marionette/interaction.js:431:10
webdriverClickElement@chrome://remote/content/marionette/interaction.js:179:31
JavaScript error: , line 0: uncaught exception: undefined
1634185055153	Marionette	INFO	Stopped listening on port 1167
JavaScript error: resource:///modules/Interactions.jsm, line 209: NS_ERROR_FAILURE: Component returned failure code: 0x80004005 (NS_ERROR_FAILURE) [nsIUserIdleService.removeIdleObserver]

###!!! [Parent][RunMessage] Error: Channel closing: too late to send/recv, messages will be lost

1634185151072	geckodriver	INFO	Listening on 127.0.0.1:1305
1634185154110	mozrunner::runner	INFO	Running command: "C:\\Program Files\\Mozilla Firefox\\firefox.exe" "--marionette" "-no-remote" "-profile" "C:\\Users\\cutie\\AppData\\Local\\Temp\\rust_mozprofilem9AjUf"
1634185154386	Marionette	INFO	Marionette enabled
console.warn: SearchSettings: "get: No settings file exists, new profile?" (new NotFoundError("Could not open the file at C:\\Users\\cutie\\AppData\\Local\\Temp\\rust_mozprofilem9AjUf\\search.json.mozlz4", (void 0)))
1634185156239	Marionette	INFO	Listening on port 1316
1634185156269	RemoteAgent	WARN	TLS certificate errors will be ignored for this session
JavaScript error: resource://gre/modules/XULStore.jsm, line 66: Error: Can't find profile directory.
JavaScript error: resource://gre/modules/XULStore.jsm, line 66: Error: Can't find profile directory.
1634185159106	Marionette	WARN	TimedPromise timed out after 500 ms: stacktrace:
TimedPromise/<@chrome://remote/content/marionette/sync.js:238:19
TimedPromise@chrome://remote/content/marionette/sync.js:223:10
interaction.flushEventLoop@chrome://remote/content/marionette/interaction.js:431:10
webdriverClickElement@chrome://remote/content/marionette/interaction.js:179:31
JavaScript error: , line 0: uncaught exception: undefined
JavaScript warning: https://www.mrchecker.net/cdn-cgi/challenge-platform/h/b/scripts/invisible.js, line 1: unreachable code after return statement
JavaScript warning: https://www.mrchecker.net/cdn-cgi/challenge-platform/h/b/scripts/invisible.js, line 1: unreachable code after return statement
1634185372696	Marionette	INFO	Stopped listening on port 1316
JavaScript error: resource:///modules/Interactions.jsm, line 209: NS_ERROR_FAILURE: Component returned failure code: 0x80004005 (NS_ERROR_FAILURE) [nsIUserIdleService.removeIdleObserver]
zprofilefMT8Nn"
1634185369142	Marionette	INFO	Marionette enabled
console.warn: SearchSettings: "get: No settings file exists, new profile?" (new NotFoundError("Could not open the file at C:\\Users\\cutie\\AppData\\Local\\Temp\\rust_mozprofilefMT8Nn\\search.json.mozlz4", (void 0)))
1634185371089	Marionette	INFO	Listening on port 1052
1634185371481	RemoteAgent	WARN	TLS certificate errors will be ignored for this session
JavaScript error: resource://gre/modules/XULStore.jsm, line 66: Error: Can't find profile directory.
JavaScript error: resource://gre/modules/XULStore.jsm, line 66: Error: Can't find profile directory.
JavaScript error: , line 0: uncaught exception: undefined
1634185443112	Marionette	INFO	Stopped listening on port 1052
JavaScript error: resource:///modules/Interactions.jsm, line 209: NS_ERROR_FAILURE: Component returned failure code: 0x80004005 (NS_ERROR_FAILURE) [nsIUserIdleService.removeIdleObserver]

###!!! [Parent][RunMessage] Error: Channel closing: too late to send/recv, messages will be lost

1634216500787	geckodriver	INFO	Listening on 127.0.0.1:1205
1634216503796	mozrunner::runner	INFO	Running command: "C:\\Program Files\\Mozilla Firefox\\firefox.exe" "--marionette" "-no-remote" "-profile" "C:\\Users\\cutie\\AppData\\Local\\Temp\\rust_mozprofileIiRiCe"
1634216504058	Marionette	INFO	Marionette enabled
console.warn: SearchSettings: "get: No settings file exists, new profile?" (new NotFoundError("Could not open the file at C:\\Users\\cutie\\AppData\\Local\\Temp\\rust_mozprofileIiRiCe\\search.json.mozlz4", (void 0)))
1634216505929	Marionette	INFO	Listening on port 1214
1634216505947	RemoteAgent	WARN	TLS certificate errors will be ignored for this session
JavaScript error: resource://gre/modules/XULStore.jsm, line 66: Error: Can't find profile directory.
JavaScript error: resource://gre/modules/XULStore.jsm, line 66: Error: Can't find profile directory.
JavaScript error: , line 0: uncaught exception: undefined
1634216577252	Marionette	INFO	Stopped listening on port 1214
JavaScript error: resource:///modules/Interactions.jsm, line 209: NS_ERROR_FAILURE: Component returned failure code: 0x80004005 (NS_ERROR_FAILURE) [nsIUserIdleService.removeIdleObserver]

###!!! [Parent][RunMessage] Error: Channel closing: too late to send/recv, messages will be lost

1634223626139	geckodriver	INFO	Listening on 127.0.0.1:15670
1634223629155	mozrunner::runner	INFO	Running command: "C:\\Program Files\\Mozilla Firefox\\firefox.exe" "--marionette" "-no-remote" "-profile" "C:\\Users\\cutie\\AppData\\Local\\Temp\\rust_mozprofile6U2ZJk"
1634223629405	Marionette	INFO	Marionette enabled
console.warn: SearchSettings: "get: No settings file exists, new profile?" (new NotFoundError("Could not open the file at C:\\Users\\cutie\\AppData\\Local\\Temp\\rust_mozprofile6U2ZJk\\search.json.mozlz4", (void 0)))
1634223631255	Marionette	INFO	Listening on port 15683
1634223631319	RemoteAgent	WARN	TLS certificate errors will be ignored for this session
JavaScript error: resource://gre/modules/XULStore.jsm, line 66: Error: Can't find profile directory.
JavaScript error: resource://gre/modules/XULStore.jsm, line 66: Error: Can't find profile directory.
JavaScript error: , line 0: uncaught exception: undefined
1634223703214	Marionette	INFO	Stopped listening on port 15683
JavaScript error: resource:///modules/Interactions.jsm, line 209: NS_ERROR_FAILURE: Component returned failure code: 0x80004005 (NS_ERROR_FAILURE) [nsIUserIdleService.removeIdleObserver]

###!!! [Parent][RunMessage] Error: Channel closing: too late to send/recv, messages will be lost

1634226756422	geckodriver	INFO	Listening on 127.0.0.1:4013
1634226759442	mozrunner::runner	INFO	Running command: "C:\\Program Files\\Mozilla Firefox\\firefox.exe" "--marionette" "-no-remote" "-profile" "C:\\Users\\cutie\\AppData\\Local\\Temp\\rust_mozprofileogn0pC"
1634226759697	Marionette	INFO	Marionette enabled
console.warn: SearchSettings: "get: No settings file exists, new profile?" (new NotFoundError("Could not open the file at C:\\Users\\cutie\\AppData\\Local\\Temp\\rust_mozprofileogn0pC\\search.json.mozlz4", (void 0)))
1634226761540	Marionette	INFO	Listening on port 4021
1634226761601	RemoteAgent	WARN	TLS certificate errors will be ignored for this session
JavaScript error: resource://gre/modules/XULStore.jsm, line 66: Error: Can't find profile directory.
JavaScript error: resource://gre/modules/XULStore.jsm, line 66: Error: Can't find profile directory.
JavaScript error: , line 0: uncaught exception: undefined
1634226832249	Marionette	INFO	Stopped listening on port 4021
JavaScript error: resource:///modules/Interactions.jsm, line 209: NS_ERROR_FAILURE: Component returned failure code: 0x80004005 (NS_ERROR_FAILURE) [nsIUserIdleService.removeIdleObserver]

###!!! [Parent][RunMessage] Error: Channel closing: too late to send/recv, messages will be lost

1634242812906	geckodriver	INFO	Listening on 127.0.0.1:26858
1634242815922	mozrunner::runner	INFO	Running command: "C:\\Program Files\\Mozilla Firefox\\firefox.exe" "--marionette" "-no-remote" "-profile" "C:\\Users\\cutie\\AppData\\Local\\Temp\\rust_mozprofilemKMT8O"
1634242816184	Marionette	INFO	Marionette enabled
console.warn: SearchSettings: "get: No settings file exists, new profile?" (new NotFoundError("Could not open the file at C:\\Users\\cutie\\AppData\\Local\\Temp\\rust_mozprofilemKMT8O\\search.json.mozlz4", (void 0)))
1634242818077	Marionette	INFO	Listening on port 26866
1634242818596	RemoteAgent	WARN	TLS certificate errors will be ignored for this session
JavaScript error: resource://gre/modules/XULStore.jsm, line 66: Error: Can't find profile directory.
JavaScript error: resource://gre/modules/XULStore.jsm, line 66: Error: Can't find profile directory.
JavaScript error: , line 0: uncaught exception: undefined
JavaScript warning: https://www.mrchecker.net/cdn-cgi/challenge-platform/h/b/scripts/invisible.js, line 1: unreachable code after return statement
JavaScript warning: https://www.mrchecker.net/cdn-cgi/challenge-platform/h/b/scripts/invisible.js, line 1: unreachable code after return statement
1634242889300	Marionette	INFO	Stopped listening on port 26866
JavaScript error: resource:///modules/Interactions.jsm, line 209: NS_ERROR_FAILURE: Component returned failure code: 0x80004005 (NS_ERROR_FAILURE) [nsIUserIdleService.removeIdleObserver]

###!!! [Parent][RunMessage] Error: Channel closing: too late to send/recv, messages will be lost

1634243094257	geckodriver	INFO	Listening on 127.0.0.1:12005
1634243097301	mozrunner::runner	INFO	Running command: "C:\\Program Files\\Mozilla Firefox\\firefox.exe" "--marionette" "-no-remote" "-profile" "C:\\Users\\cutie\\AppData\\Local\\Temp\\rust_mozprofilexDMihP"
1634243097597	Marionette	INFO	Marionette enabled
console.warn: SearchSettings: "get: No settings file exists, new profile?" (new NotFoundError("Could not open the file at C:\\Users\\cutie\\AppData\\Local\\Temp\\rust_mozprofilexDMihP\\search.json.mozlz4", (void 0)))
1634243099735	Marionette	INFO	Listening on port 12015
1634243099955	RemoteAgent	WARN	TLS certificate errors will be ignored for this session
JavaScript error: resource://gre/modules/XULStore.jsm, line 66: Error: Can't find profile directory.
JavaScript error: resource://gre/modules/XULStore.jsm, line 66: Error: Can't find profile directory.
JavaScript error: , line 0: uncaught exception: undefined
1634243171300	Marionette	INFO	Stopped listening on port 12015
JavaScript error: resource:///modules/Interactions.jsm, line 209: NS_ERROR_FAILURE: Component returned failure code: 0x80004005 (NS_ERROR_FAILURE) [nsIUserIdleService.removeIdleObserver]

###!!! [Parent][RunMessage] Error: Channel closing: too late to send/recv, messages will be lost

1634243308552	geckodriver	INFO	Listening on 127.0.0.1:1134
1634243311587	mozrunner::runner	INFO	Running command: "C:\\Program Files\\Mozilla Firefox\\firefox.exe" "--marionette" "-no-remote" "-profile" "C:\\Users\\cutie\\AppData\\Local\\Temp\\rust_mozprofileOMCjni"
1634243311904	Marionette	INFO	Marionette enabled
console.warn: SearchSettings: "get: No settings file exists, new profile?" (new NotFoundError("Could not open the file at C:\\Users\\cutie\\AppData\\Local\\Temp\\rust_mozprofileOMCjni\\search.json.mozlz4", (void 0)))
1634243314222	Marionette	INFO	Listening on port 1150
1634243314265	RemoteAgent	WARN	TLS certificate errors will be ignored for this session
JavaScript error: resource://gre/modules/XULStore.jsm, line 66: Error: Can't find profile directory.
JavaScript error: resource://gre/modules/XULStore.jsm, line 66: Error: Can't find profile directory.
JavaScript error: , line 0: uncaught exception: undefined
JavaScript warning: https://www.mrchecker.net/cdn-cgi/challenge-platform/h/b/scripts/invisible.js, line 1: unreachable code after return statement
JavaScript warning: https://www.mrchecker.net/cdn-cgi/challenge-platform/h/b/scripts/invisible.js, line 1: unreachable code after return statement
console.log: WebExtensions: reset-default-search: starting.
console.log: WebExtensions: reset-default-search: No addons in our list are installed.
1634244226305	Marionette	INFO	Stopped listening on port 1150
JavaScript error: resource:///modules/Interactions.jsm, line 209: NS_ERROR_FAILURE: Component returned failure code: 0x80004005 (NS_ERROR_FAILURE) [nsIUserIdleService.removeIdleObserver]

###!!! [Parent][RunMessage] Error: Channel closing: too late to send/recv, messages will be lost

1634244682150	geckodriver	INFO	Listening on 127.0.0.1:14078
1634244685161	mozrunner::runner	INFO	Running command: "C:\\Program Files\\Mozilla Firefox\\firefox.exe" "--marionette" "-no-remote" "-profile" "C:\\Users\\cutie\\AppData\\Local\\Temp\\rust_mozprofileAZGkkw"
1634244685452	Marionette	INFO	Marionette enabled
console.warn: SearchSettings: "get: No settings file exists, new profile?" (new NotFoundError("Could not open the file at C:\\Users\\cutie\\AppData\\Local\\Temp\\rust_mozprofileAZGkkw\\search.json.mozlz4", (void 0)))
1634244687580	Marionette	INFO	Listening on port 14086
1634244687837	RemoteAgent	WARN	TLS certificate errors will be ignored for this session
JavaScript error: resource://gre/modules/XULStore.jsm, line 66: Error: Can't find profile directory.
JavaScript error: resource://gre/modules/XULStore.jsm, line 66: Error: Can't find profile directory.
JavaScript error: , line 0: uncaught exception: undefined
JavaScript warning: https://www.mrchecker.net/cdn-cgi/challenge-platform/h/b/scripts/invisible.js, line 1: unreachable code after return statement
JavaScript warning: https://www.mrchecker.net/cdn-cgi/challenge-platform/h/b/scripts/invisible.js, line 1: unreachable code after return statement
console.log: WebExtensions: reset-default-search: starting.
console.log: WebExtensions: reset-default-search: No addons in our list are installed.
1634245600407	Marionette	INFO	Stopped listening on port 14086
JavaScript error: resource:///modules/Interactions.jsm, line 209: NS_ERROR_FAILURE: Component returned failure code: 0x80004005 (NS_ERROR_FAILURE) [nsIUserIdleService.removeIdleObserver]

###!!! [Parent][RunMessage] Error: Channel closing: too late to send/recv, messages will be lost

1634245929157	geckodriver	INFO	Listening on 127.0.0.1:1169
1634245932182	mozrunner::runner	INFO	Running command: "C:\\Program Files\\Mozilla Firefox\\firefox.exe" "--marionette" "-no-remote" "-profile" "C:\\Users\\cutie\\AppData\\Local\\Temp\\rust_mozprofilecJqgpT"
1634245932453	Marionette	INFO	Marionette enabled
console.warn: SearchSettings: "get: No settings file exists, new profile?" (new NotFoundError("Could not open the file at C:\\Users\\cutie\\AppData\\Local\\Temp\\rust_mozprofilecJqgpT\\search.json.mozlz4", (void 0)))
1634245934471	Marionette	INFO	Listening on port 1182
1634245934846	RemoteAgent	WARN	TLS certificate errors will be ignored for this session
JavaScript error: resource://gre/modules/XULStore.jsm, line 66: Error: Can't find profile directory.
JavaScript error: resource://gre/modules/XULStore.jsm, line 66: Error: Can't find profile directory.
JavaScript error: , line 0: uncaught exception: undefined
console.log: WebExtensions: reset-default-search: starting.
console.log: WebExtensions: reset-default-search: No addons in our list are installed.
1634246846639	Marionette	INFO	Stopped listening on port 1182
JavaScript error: resource:///modules/Interactions.jsm, line 209: NS_ERROR_FAILURE: Component returned failure code: 0x80004005 (NS_ERROR_FAILURE) [nsIUserIdleService.removeIdleObserver]

###!!! [Parent][RunMessage] Error: Channel closing: too late to send/recv, messages will be lost

1634252737620	geckodriver	INFO	Listening on 127.0.0.1:1069
1634252740648	mozrunner::runner	INFO	Running command: "C:\\Program Files\\Mozilla Firefox\\firefox.exe" "--marionette" "-no-remote" "-profile" "C:\\Users\\cutie\\AppData\\Local\\Temp\\rust_mozprofileDWVnpC"
1634252741117	Marionette	INFO	Marionette enabled
console.warn: SearchSettings: "get: No settings file exists, new profile?" (new NotFoundError("Could not open the file at C:\\Users\\cutie\\AppData\\Local\\Temp\\rust_mozprofileDWVnpC\\search.json.mozlz4", (void 0)))
1634252743993	Marionette	INFO	Listening on port 1083
1634252744321	RemoteAgent	WARN	TLS certificate errors will be ignored for this session
JavaScript error: resource://gre/modules/XULStore.jsm, line 66: Error: Can't find profile directory.
JavaScript error: resource://gre/modules/XULStore.jsm, line 66: Error: Can't find profile directory.
JavaScript error: , line 0: uncaught exception: undefined
1634252847121	Marionette	INFO	Stopped listening on port 1083
JavaScript error: resource:///modules/Interactions.jsm, line 209: NS_ERROR_FAILURE: Component returned failure code: 0x80004005 (NS_ERROR_FAILURE) [nsIUserIdleService.removeIdleObserver]

###!!! [Parent][RunMessage] Error: Channel closing: too late to send/recv, messages will be lost

